{"D:\\react-native\\my-website\\src\\App.jsx": {"path":"D:\\react-native\\my-website\\src\\App.jsx","all":true,"statementMap":{"0":{"start":{"line":1,"column":0},"end":{"line":1,"column":80}},"1":{"start":{"line":2,"column":0},"end":{"line":2,"column":32}},"2":{"start":{"line":3,"column":0},"end":{"line":3,"column":34}},"3":{"start":{"line":4,"column":0},"end":{"line":4,"column":38}},"4":{"start":{"line":5,"column":0},"end":{"line":5,"column":19}},"6":{"start":{"line":7,"column":0},"end":{"line":7,"column":16}},"7":{"start":{"line":8,"column":0},"end":{"line":8,"column":10}},"8":{"start":{"line":9,"column":0},"end":{"line":9,"column":12}},"9":{"start":{"line":10,"column":0},"end":{"line":10,"column":30}},"10":{"start":{"line":11,"column":0},"end":{"line":11,"column":32}},"11":{"start":{"line":12,"column":0},"end":{"line":12,"column":38}},"12":{"start":{"line":13,"column":0},"end":{"line":13,"column":42}},"13":{"start":{"line":14,"column":0},"end":{"line":14,"column":12}},"15":{"start":{"line":16,"column":0},"end":{"line":16,"column":31}},"16":{"start":{"line":17,"column":0},"end":{"line":17,"column":16}},"17":{"start":{"line":18,"column":0},"end":{"line":18,"column":47}},"18":{"start":{"line":19,"column":0},"end":{"line":19,"column":53}},"19":{"start":{"line":20,"column":0},"end":{"line":20,"column":57}},"20":{"start":{"line":21,"column":0},"end":{"line":21,"column":17}},"21":{"start":{"line":22,"column":0},"end":{"line":22,"column":12}},"22":{"start":{"line":23,"column":0},"end":{"line":23,"column":13}},"24":{"start":{"line":25,"column":0},"end":{"line":25,"column":1}},"26":{"start":{"line":27,"column":0},"end":{"line":27,"column":19}}},"s":{"0":0,"1":0,"2":0,"3":0,"4":0,"6":0,"7":0,"8":0,"9":0,"10":0,"11":0,"12":0,"13":0,"15":0,"16":0,"17":0,"18":0,"19":0,"20":0,"21":0,"22":0,"24":0,"26":0},"branchMap":{"0":{"type":"branch","line":1,"loc":{"start":{"line":1,"column":691},"end":{"line":27,"column":19}},"locations":[{"start":{"line":1,"column":691},"end":{"line":27,"column":19}}]}},"b":{"0":[0]},"fnMap":{"0":{"name":"(empty-report)","decl":{"start":{"line":1,"column":691},"end":{"line":27,"column":19}},"loc":{"start":{"line":1,"column":691},"end":{"line":27,"column":19}},"line":1}},"f":{"0":0}}
,"D:\\react-native\\my-website\\src\\main.jsx": {"path":"D:\\react-native\\my-website\\src\\main.jsx","all":true,"statementMap":{"0":{"start":{"line":1,"column":0},"end":{"line":1,"column":34}},"1":{"start":{"line":2,"column":0},"end":{"line":2,"column":45}},"2":{"start":{"line":3,"column":0},"end":{"line":3,"column":20}},"3":{"start":{"line":4,"column":0},"end":{"line":4,"column":27}},"5":{"start":{"line":6,"column":0},"end":{"line":6,"column":51}},"6":{"start":{"line":7,"column":0},"end":{"line":7,"column":14}},"7":{"start":{"line":8,"column":0},"end":{"line":8,"column":11}},"8":{"start":{"line":9,"column":0},"end":{"line":9,"column":16}},"9":{"start":{"line":10,"column":0},"end":{"line":10,"column":1}}},"s":{"0":0,"1":0,"2":0,"3":0,"5":0,"6":0,"7":0,"8":0,"9":0},"branchMap":{"0":{"type":"branch","line":1,"loc":{"start":{"line":1,"column":202},"end":{"line":10,"column":-147}},"locations":[{"start":{"line":1,"column":202},"end":{"line":10,"column":-147}}]}},"b":{"0":[0]},"fnMap":{"0":{"name":"(empty-report)","decl":{"start":{"line":1,"column":202},"end":{"line":10,"column":-147}},"loc":{"start":{"line":1,"column":202},"end":{"line":10,"column":-147}},"line":1}},"f":{"0":0}}
,"D:\\react-native\\my-website\\src\\pages\\About.jsx": {"path":"D:\\react-native\\my-website\\src\\pages\\About.jsx","all":true,"statementMap":{"0":{"start":{"line":1,"column":0},"end":{"line":1,"column":18}},"1":{"start":{"line":2,"column":0},"end":{"line":2,"column":12}},"2":{"start":{"line":3,"column":0},"end":{"line":3,"column":13}},"3":{"start":{"line":4,"column":0},"end":{"line":4,"column":34}},"4":{"start":{"line":5,"column":0},"end":{"line":5,"column":67}},"5":{"start":{"line":6,"column":0},"end":{"line":6,"column":14}},"7":{"start":{"line":8,"column":0},"end":{"line":8,"column":1}},"9":{"start":{"line":10,"column":0},"end":{"line":10,"column":21}}},"s":{"0":0,"1":0,"2":0,"3":0,"4":0,"5":0,"7":0,"9":0},"branchMap":{"0":{"type":"branch","line":1,"loc":{"start":{"line":1,"column":204},"end":{"line":10,"column":21}},"locations":[{"start":{"line":1,"column":204},"end":{"line":10,"column":21}}]}},"b":{"0":[0]},"fnMap":{"0":{"name":"(empty-report)","decl":{"start":{"line":1,"column":204},"end":{"line":10,"column":21}},"loc":{"start":{"line":1,"column":204},"end":{"line":10,"column":21}},"line":1}},"f":{"0":0}}
,"D:\\react-native\\my-website\\src\\pages\\Contact.jsx": {"path":"D:\\react-native\\my-website\\src\\pages\\Contact.jsx","all":true,"statementMap":{"0":{"start":{"line":1,"column":0},"end":{"line":1,"column":20}},"1":{"start":{"line":2,"column":0},"end":{"line":2,"column":12}},"2":{"start":{"line":3,"column":0},"end":{"line":3,"column":13}},"3":{"start":{"line":4,"column":0},"end":{"line":4,"column":31}},"4":{"start":{"line":5,"column":0},"end":{"line":5,"column":42}},"5":{"start":{"line":6,"column":0},"end":{"line":6,"column":14}},"7":{"start":{"line":8,"column":0},"end":{"line":8,"column":1}},"9":{"start":{"line":10,"column":0},"end":{"line":10,"column":23}}},"s":{"0":0,"1":0,"2":0,"3":0,"4":0,"5":0,"7":0,"9":0},"branchMap":{"0":{"type":"branch","line":1,"loc":{"start":{"line":1,"column":180},"end":{"line":10,"column":23}},"locations":[{"start":{"line":1,"column":180},"end":{"line":10,"column":23}}]}},"b":{"0":[0]},"fnMap":{"0":{"name":"(empty-report)","decl":{"start":{"line":1,"column":180},"end":{"line":10,"column":23}},"loc":{"start":{"line":1,"column":180},"end":{"line":10,"column":23}},"line":1}},"f":{"0":0}}
,"D:\\react-native\\my-website\\src\\pages\\Home.jsx": {"path":"D:\\react-native\\my-website\\src\\pages\\Home.jsx","all":false,"statementMap":{"0":{"start":{"line":1,"column":0},"end":{"line":1,"column":17}},"1":{"start":{"line":2,"column":0},"end":{"line":2,"column":12}},"2":{"start":{"line":3,"column":0},"end":{"line":3,"column":13}},"3":{"start":{"line":4,"column":0},"end":{"line":4,"column":33}},"4":{"start":{"line":5,"column":0},"end":{"line":5,"column":62}},"5":{"start":{"line":6,"column":0},"end":{"line":6,"column":14}},"7":{"start":{"line":8,"column":0},"end":{"line":8,"column":1}},"9":{"start":{"line":10,"column":0},"end":{"line":10,"column":20}}},"s":{"0":2,"1":2,"2":2,"3":2,"4":2,"5":2,"7":2,"9":1},"branchMap":{"0":{"type":"branch","line":1,"loc":{"start":{"line":1,"column":0},"end":{"line":8,"column":1}},"locations":[{"start":{"line":1,"column":0},"end":{"line":8,"column":1}}]}},"b":{"0":[2]},"fnMap":{"0":{"name":"Home","decl":{"start":{"line":1,"column":0},"end":{"line":8,"column":1}},"loc":{"start":{"line":1,"column":0},"end":{"line":8,"column":1}},"line":1}},"f":{"0":2}}
}
